11/21/2023, 9:59:20 PM: Started exploit server. Custom message: Your server is up and running.
11/21/2023, 9:59:21 PM: Started cve server. Custom message: Your server is up and running.
11/21/2023, 9:59:22 PM: Started ips server. Custom message: Your server is up and running.
11/21/2023, 10:08:57 PM: Started cve server. Custom message: Your server is up and running.
11/21/2023, 10:08:59 PM: Started ips server. Custom message: Your server is up and running.
11/21/2023, 10:22:30 PM: Started ips server. Custom message: Your server is up and running.
11/21/2023, 10:22:31 PM: Started cve server. Custom message: Your server is up and running.
11/21/2023, 10:22:43 PM: Started exploit server. Custom message: Your server is up and running.
11/21/2023, 10:34:57 PM: Started ips server. Custom message: Your server is up and running.
11/21/2023, 10:35:32 PM: Started ips server. Custom message: Your server is up and running.
11/21/2023, 10:36:26 PM: Started ips server. Custom message: Your server is up and running.
11/21/2023, 10:36:30 PM: Started ips server. Custom message: Your server is up and running.
11/21/2023, 10:37:47 PM: Started ips server. Custom message: Your server is up and running.
11/21/2023, 10:39:14 PM: Started cve server. Custom message: Your server is up and running.
11/21/2023, 10:39:15 PM: Started exploit server. Custom message: Your server is up and running.
11/21/2023, 10:39:17 PM: Started ips server. Custom message: Your server is up and running.
11/21/2023, 10:53:27 PM: Started cve server. Custom message: Your server is up and running.
11/21/2023, 11:54:12 PM: Started ips server. Custom message: Your server is up and running.
11/21/2023, 11:54:38 PM: Started ips server. Custom message: Your server is up and running.
11/21/2023, 11:54:50 PM: Started ips server. Custom message: Your server is up and running.
11/21/2023, 11:57:46 PM: Started cve server. Custom message: Your server has been stoped.
11/21/2023, 11:57:49 PM: Started cve server. Custom message: Your server is up and running.
11/21/2023, 11:57:52 PM: Started cve server. Custom message: Your server has been stoped.
11/21/2023, 11:57:55 PM: Started cve server. Custom message: Your server is up and running.
11/22/2023, 12:00:47 AM: Started exploit server. Custom message: Your server is up and running.
11/22/2023, 12:00:48 AM: Started ips server. Custom message: Your server is up and running.
11/22/2023, 12:13:26 AM: Started cve server. Custom message: Your server has been stoped.
11/22/2023, 12:13:28 AM: Started cve server. Custom message: Your server has been stoped.
11/22/2023, 12:13:30 AM: Started cve server. Custom message: Your server is up and running.
11/22/2023, 12:16:19 AM: Started cve server. Custom message: Your server has been stoped.
11/22/2023, 12:16:20 AM: Started exploit server. Custom message: Your server has been stoped.
11/22/2023, 12:16:21 AM: Started ips server. Custom message: Your server has been stoped.
11/22/2023, 12:16:26 AM: Started cve server. Custom message: Your server is up and running.
11/22/2023, 12:16:27 AM: Started exploit server. Custom message: Your server is up and running.
11/22/2023, 12:16:28 AM: Started ips server. Custom message: Your server is up and running.
11/22/2023, 12:17:08 AM: Started cve server. Custom message: Your server has been stoped.
11/22/2023, 12:17:10 AM: Started cve server. Custom message: Your server has been stoped.
11/22/2023, 12:17:11 AM: Started cve server. Custom message: Your server has been stoped.
11/22/2023, 12:17:12 AM: Started cve server. Custom message: Your server has been stoped.
11/22/2023, 12:17:12 AM: Started cve server. Custom message: Your server has been stoped.
11/22/2023, 12:17:13 AM: Started cve server. Custom message: Your server has been stoped.
11/22/2023, 12:17:14 AM: Started cve server. Custom message: Your server has been stoped.
11/22/2023, 12:17:14 AM: Started cve server. Custom message: Your server has been stoped.
11/22/2023, 12:17:14 AM: Started cve server. Custom message: Your server has been stoped.
11/22/2023, 12:17:15 AM: Started cve server. Custom message: Your server has been stoped.
11/22/2023, 12:17:15 AM: Started cve server. Custom message: Your server has been stoped.
11/22/2023, 12:17:15 AM: Started cve server. Custom message: Your server has been stoped.
11/22/2023, 12:17:16 AM: Started cve server. Custom message: Your server has been stoped.
11/22/2023, 12:17:16 AM: Started cve server. Custom message: Your server has been stoped.
11/22/2023, 12:17:16 AM: Started cve server. Custom message: Your server has been stoped.
11/22/2023, 12:17:17 AM: Started cve server. Custom message: Your server has been stoped.
11/22/2023, 12:17:17 AM: Started cve server. Custom message: Your server has been stoped.
11/22/2023, 12:17:20 AM: Started exploit server. Custom message: Your server has been stoped.
11/22/2023, 12:17:22 AM: Started ips server. Custom message: Your server has been stoped.
11/22/2023, 12:17:31 AM: Started cve server. Custom message: Your server is up and running.
11/22/2023, 12:17:32 AM: Started exploit server. Custom message: Your server is up and running.
11/22/2023, 12:17:33 AM: Started ips server. Custom message: Your server is up and running.
11/22/2023, 12:19:28 AM: Started cve server. Custom message: Your server has been stoped.
11/22/2023, 12:19:29 AM: Started exploit server. Custom message: Your server has been stoped.
11/22/2023, 12:19:30 AM: Started ips server. Custom message: Your server has been stoped.
