11/21/2023, 10:08:58 PM: cve server is up on port: 5334
11/21/2023, 10:22:31 PM: cve server is up on port: 5334
11/21/2023, 10:39:15 PM: cve server is up on port: 5334
11/21/2023, 10:53:28 PM: cve server is up on port: 5334
11/21/2023, 11:57:50 PM: cve server is up on port: 5334
11/21/2023, 11:57:56 PM: cve server is up on port: 5334
11/22/2023, 12:00:00 AM: im still alive from server 1
11/22/2023, 12:00:00 AM: Ran at: 11/22/2023, 12:00:00 AM
11/22/2023, 12:00:00 AM: server1 finished on 11/22/2023, 12:00:00 AM
11/22/2023, 12:00:08 AM: CVE-2023-48303 has been saved to firebase
11/22/2023, 12:00:08 AM: CVE-2023-48304 has been saved to firebase
11/22/2023, 12:00:08 AM: CVE-2023-48302 has been saved to firebase
11/22/2023, 12:00:08 AM: CVE-2023-48301 has been saved to firebase
11/22/2023, 12:00:08 AM: CVE-2023-6238 has been saved to firebase
11/22/2023, 12:00:08 AM: CVE-2023-48299 has been saved to firebase
11/22/2023, 12:00:08 AM: CVE-2023-48230 has been saved to firebase
11/22/2023, 12:00:08 AM: CVE-2023-48239 has been saved to firebase
11/22/2023, 12:00:08 AM: CVE-2023-48228 has been saved to firebase
11/22/2023, 12:00:08 AM: CVE-2023-48226 has been saved to firebase
11/22/2023, 12:00:08 AM: CVE-2023-20272 has been saved to firebase
11/22/2023, 12:00:08 AM: CVE-2023-47643 has been saved to firebase
11/22/2023, 12:00:08 AM: CVE-2021-38405 has been saved to firebase
11/22/2023, 12:00:08 AM: CVE-2023-5055 has been saved to firebase
11/22/2023, 12:00:08 AM: CVE-2023-22516 has been saved to firebase
11/22/2023, 12:00:08 AM: CVE-2023-22521 has been saved to firebase
11/22/2023, 12:00:08 AM: CVE-2021-27504 has been saved to firebase
11/22/2023, 12:00:08 AM: CVE-2021-27502 has been saved to firebase
11/22/2023, 12:00:08 AM: CVE-2023-20265 has been saved to firebase
11/22/2023, 12:00:08 AM: CVE-2023-6212 has been saved to firebase
11/22/2023, 12:00:08 AM: CVE-2023-6211 has been saved to firebase
11/22/2023, 12:00:08 AM: CVE-2023-6210 has been saved to firebase
11/22/2023, 12:00:08 AM: CVE-2023-20208 has been saved to firebase
11/22/2023, 12:00:08 AM: CVE-2023-6213 has been saved to firebase
11/22/2023, 12:00:08 AM: CVE-2023-20274 has been saved to firebase
11/22/2023, 12:00:08 AM: CVE-2023-6208 has been saved to firebase
11/22/2023, 12:00:08 AM: CVE-2023-6209 has been saved to firebase
11/22/2023, 12:00:08 AM: CVE-2023-6207 has been saved to firebase
11/22/2023, 12:00:08 AM: CVE-2023-6205 has been saved to firebase
11/22/2023, 12:00:08 AM: CVE-2023-49060 has been saved to firebase
11/22/2023, 12:00:08 AM: CVE-2023-48124 has been saved to firebase
11/22/2023, 12:00:08 AM: CVE-2023-6204 has been saved to firebase
11/22/2023, 12:00:08 AM: CVE-2023-6206 has been saved to firebase
11/22/2023, 12:00:08 AM: CVE-2023-49061 has been saved to firebase
11/22/2023, 12:00:08 AM: CVE-2023-5598 has been saved to firebase
11/22/2023, 12:00:08 AM: CVE-2023-5553 has been saved to firebase
11/22/2023, 12:00:08 AM: CVE-2023-5599 has been saved to firebase
11/22/2023, 12:00:08 AM: CVE-2023-5776 has been saved to firebase
11/22/2023, 12:00:08 AM: CVE-2022-35638 has been saved to firebase
11/22/2023, 12:00:08 AM: CVE-2021-37937 has been saved to firebase
11/22/2023, 12:00:08 AM: CVE-2021-37942 has been saved to firebase
11/22/2023, 12:00:08 AM: CVE-2021-22143 has been saved to firebase
11/22/2023, 12:00:08 AM: CVE-2023-5299 has been saved to firebase
11/22/2023, 12:00:08 AM: CVE-2021-22151 has been saved to firebase
11/22/2023, 12:00:08 AM: CVE-2023-35127 has been saved to firebase
11/22/2023, 12:00:08 AM: CVE-2021-22150 has been saved to firebase
11/22/2023, 12:00:08 AM: CVE-2021-22142 has been saved to firebase
11/22/2023, 12:00:08 AM: CVE-2023-48701 has been saved to firebase
11/22/2023, 12:00:08 AM: CVE-2023-48700 has been saved to firebase
11/22/2023, 12:00:08 AM: CVE-2023-48306 has been saved to firebase
11/22/2023, 12:00:08 AM: CVE-2023-48307 has been saved to firebase
11/22/2023, 12:00:08 AM: CVE-2023-48305 has been saved to firebase
11/22/2023, 12:00:08 AM: CVE-2023-6248 has been saved to firebase
11/22/2023, 12:00:08 AM: CVE-2023-49105 has been saved to firebase
11/22/2023, 12:00:08 AM: CVE-2023-48699 has been saved to firebase
11/22/2023, 12:00:08 AM: CVE-2023-49104 has been saved to firebase
11/22/2023, 12:00:08 AM: CVE-2023-49103 has been saved to firebase
11/22/2023, 12:00:08 AM: CVE-2023-28802 has been saved to firebase
11/22/2023, 12:00:08 AM: CVE-2023-40152 has been saved to firebase
11/22/2023, 12:00:08 AM: CVE-2023-6235 has been saved to firebase
11/22/2023, 12:01:00 AM: Ran at: 11/22/2023, 12:01:00 AM
11/22/2023, 12:01:00 AM: im still alive from server 1
11/22/2023, 12:01:00 AM: server1 finished on 11/22/2023, 12:01:00 AM
11/22/2023, 12:09:00 AM: Ran at: 11/22/2023, 12:09:00 AM
11/22/2023, 12:09:00 AM: server1 finished on 11/22/2023, 12:09:00 AM
11/22/2023, 12:09:00 AM: im still alive from server 1
11/22/2023, 12:09:00 AM: CVE ID:
11/22/2023, 12:09:00 AM: CVE ID:
11/22/2023, 12:09:00 AM: CVE ID:
11/22/2023, 12:09:00 AM: CVE ID:
11/22/2023, 12:09:00 AM: CVE ID:
11/22/2023, 12:09:00 AM: CVE ID:
11/22/2023, 12:09:00 AM: CVE ID:
11/22/2023, 12:09:00 AM: CVE ID:
11/22/2023, 12:09:00 AM: CVE ID:
11/22/2023, 12:09:00 AM: CVE ID:
11/22/2023, 12:09:00 AM: CVE ID:
11/22/2023, 12:09:00 AM: CVE ID:
11/22/2023, 12:09:00 AM: CVE ID:
11/22/2023, 12:09:00 AM: CVE ID:
11/22/2023, 12:09:00 AM: CVE ID:
11/22/2023, 12:09:00 AM: CVE ID:
11/22/2023, 12:09:00 AM: CVE ID:
11/22/2023, 12:09:00 AM: CVE ID:
11/22/2023, 12:09:00 AM: CVE ID:
11/22/2023, 12:09:00 AM: CVE ID:
11/22/2023, 12:09:00 AM: CVE ID:
11/22/2023, 12:09:00 AM: CVE ID:
11/22/2023, 12:09:00 AM: CVE ID:
11/22/2023, 12:09:00 AM: CVE ID:
11/22/2023, 12:09:00 AM: CVE ID:
11/22/2023, 12:09:00 AM: CVE ID:
11/22/2023, 12:09:00 AM: CVE ID:
11/22/2023, 12:09:00 AM: CVE ID:
11/22/2023, 12:09:00 AM: CVE ID:
11/22/2023, 12:09:00 AM: CVE ID:
11/22/2023, 12:09:00 AM: CVE ID:
11/22/2023, 12:09:00 AM: CVE ID:
11/22/2023, 12:09:00 AM: CVE ID:
11/22/2023, 12:09:00 AM: CVE ID:
11/22/2023, 12:09:00 AM: CVE ID:
11/22/2023, 12:09:00 AM: CVE ID:
11/22/2023, 12:09:00 AM: CVE ID:
11/22/2023, 12:09:00 AM: CVE ID:
11/22/2023, 12:09:00 AM: CVE ID:
11/22/2023, 12:09:00 AM: CVE ID:
11/22/2023, 12:09:00 AM: CVE ID:
11/22/2023, 12:09:00 AM: CVE ID:
11/22/2023, 12:09:00 AM: CVE ID:
11/22/2023, 12:09:00 AM: CVE ID:
11/22/2023, 12:09:00 AM: CVE ID:
11/22/2023, 12:09:00 AM: CVE ID:
11/22/2023, 12:09:00 AM: CVE ID:
11/22/2023, 12:09:00 AM: CVE ID:
11/22/2023, 12:09:00 AM: CVE ID:
11/22/2023, 12:09:00 AM: CVE ID:
11/22/2023, 12:09:00 AM: CVE ID:
11/22/2023, 12:09:00 AM: CVE ID:
11/22/2023, 12:09:00 AM: CVE ID:
11/22/2023, 12:09:00 AM: CVE ID:
11/22/2023, 12:09:00 AM: CVE ID:
11/22/2023, 12:09:00 AM: CVE ID:
11/22/2023, 12:09:00 AM: CVE ID:
11/22/2023, 12:09:00 AM: CVE ID:
11/22/2023, 12:09:00 AM: CVE ID:
11/22/2023, 12:09:00 AM: CVE ID:
11/22/2023, 12:09:00 AM: CVE-2022-35638 has been saved to firebase
11/22/2023, 12:09:00 AM: CVE-2023-5299 has been saved to firebase
11/22/2023, 12:09:00 AM: CVE-2023-40152 has been saved to firebase
11/22/2023, 12:09:00 AM: CVE-2023-35127 has been saved to firebase
11/22/2023, 12:09:00 AM: CVE-2021-22151 has been saved to firebase
11/22/2023, 12:09:00 AM: CVE-2021-22150 has been saved to firebase
11/22/2023, 12:09:00 AM: CVE-2021-22142 has been saved to firebase
11/22/2023, 12:09:00 AM: CVE-2023-48701 has been saved to firebase
11/22/2023, 12:09:00 AM: CVE-2023-48700 has been saved to firebase
11/22/2023, 12:09:00 AM: CVE-2023-48699 has been saved to firebase
11/22/2023, 12:09:00 AM: CVE-2023-48307 has been saved to firebase
11/22/2023, 12:09:00 AM: CVE-2023-48306 has been saved to firebase
11/22/2023, 12:09:00 AM: CVE-2023-48305 has been saved to firebase
11/22/2023, 12:09:00 AM: CVE-2023-6248 has been saved to firebase
11/22/2023, 12:09:00 AM: CVE-2023-49104 has been saved to firebase
11/22/2023, 12:09:00 AM: CVE-2021-22143 has been saved to firebase
11/22/2023, 12:09:00 AM: CVE-2023-49103 has been saved to firebase
11/22/2023, 12:09:00 AM: CVE-2021-37937 has been saved to firebase
11/22/2023, 12:09:00 AM: CVE-2023-49105 has been saved to firebase
11/22/2023, 12:09:00 AM: CVE-2021-37942 has been saved to firebase
11/22/2023, 12:09:00 AM: CVE-2023-48304 has been saved to firebase
11/22/2023, 12:09:00 AM: CVE-2023-48303 has been saved to firebase
11/22/2023, 12:09:00 AM: CVE-2023-48301 has been saved to firebase
11/22/2023, 12:09:00 AM: CVE-2023-6238 has been saved to firebase
11/22/2023, 12:09:00 AM: CVE-2023-48302 has been saved to firebase
11/22/2023, 12:09:00 AM: CVE-2023-48299 has been saved to firebase
11/22/2023, 12:09:00 AM: CVE-2023-48239 has been saved to firebase
11/22/2023, 12:09:00 AM: CVE-2023-48230 has been saved to firebase
11/22/2023, 12:09:00 AM: CVE-2023-48228 has been saved to firebase
11/22/2023, 12:09:00 AM: CVE-2023-48226 has been saved to firebase
11/22/2023, 12:09:00 AM: CVE-2023-47643 has been saved to firebase
11/22/2023, 12:09:00 AM: CVE-2023-20274 has been saved to firebase
11/22/2023, 12:09:00 AM: CVE-2023-20272 has been saved to firebase
11/22/2023, 12:09:00 AM: CVE-2023-20265 has been saved to firebase
11/22/2023, 12:09:00 AM: CVE-2023-20208 has been saved to firebase
11/22/2023, 12:09:00 AM: CVE-2023-5055 has been saved to firebase
11/22/2023, 12:09:00 AM: CVE-2021-27504 has been saved to firebase
11/22/2023, 12:09:00 AM: CVE-2021-27502 has been saved to firebase
11/22/2023, 12:09:00 AM: CVE-2023-6212 has been saved to firebase
11/22/2023, 12:09:00 AM: CVE-2023-6211 has been saved to firebase
11/22/2023, 12:09:00 AM: CVE-2023-6213 has been saved to firebase
11/22/2023, 12:09:00 AM: CVE-2023-6210 has been saved to firebase
11/22/2023, 12:09:00 AM: CVE-2023-6209 has been saved to firebase
11/22/2023, 12:09:00 AM: CVE-2023-6208 has been saved to firebase
11/22/2023, 12:09:00 AM: CVE-2023-6207 has been saved to firebase
11/22/2023, 12:09:00 AM: CVE-2023-6206 has been saved to firebase
11/22/2023, 12:09:00 AM: CVE-2023-6205 has been saved to firebase
11/22/2023, 12:09:00 AM: CVE-2023-6204 has been saved to firebase
11/22/2023, 12:09:00 AM: CVE-2023-49061 has been saved to firebase
11/22/2023, 12:09:00 AM: CVE-2023-49060 has been saved to firebase
11/22/2023, 12:09:00 AM: CVE-2023-6235 has been saved to firebase
11/22/2023, 12:09:00 AM: CVE-2023-48124 has been saved to firebase
11/22/2023, 12:09:00 AM: CVE-2023-28802 has been saved to firebase
11/22/2023, 12:09:00 AM: CVE-2023-5599 has been saved to firebase
11/22/2023, 12:09:00 AM: CVE-2023-5598 has been saved to firebase
11/22/2023, 12:09:00 AM: CVE-2023-5553 has been saved to firebase
11/22/2023, 12:09:00 AM: CVE-2023-5776 has been saved to firebase
11/22/2023, 12:09:00 AM: CVE-2021-38405 has been saved to firebase
11/22/2023, 12:09:00 AM: CVE-2023-22516 has been saved to firebase
11/22/2023, 12:09:00 AM: CVE-2023-22521 has been saved to firebase
11/22/2023, 12:10:00 AM: im still alive from server 1
11/22/2023, 12:10:00 AM: server1 finished on 11/22/2023, 12:10:00 AM
11/22/2023, 12:10:00 AM: Ran at: 11/22/2023, 12:10:00 AM
11/22/2023, 12:10:00 AM: CVE ID:
11/22/2023, 12:10:00 AM: CVE ID:
11/22/2023, 12:10:00 AM: CVE ID:
11/22/2023, 12:10:00 AM: CVE ID:
11/22/2023, 12:10:00 AM: CVE ID:
11/22/2023, 12:10:00 AM: CVE ID:
11/22/2023, 12:10:00 AM: CVE ID:
11/22/2023, 12:10:00 AM: CVE ID:
11/22/2023, 12:10:00 AM: CVE ID:
11/22/2023, 12:10:00 AM: CVE ID:
11/22/2023, 12:10:00 AM: CVE ID:
11/22/2023, 12:10:00 AM: CVE ID:
11/22/2023, 12:10:00 AM: CVE ID:
11/22/2023, 12:10:00 AM: CVE ID:
11/22/2023, 12:10:00 AM: CVE ID:
11/22/2023, 12:10:00 AM: CVE ID:
11/22/2023, 12:10:00 AM: CVE ID:
11/22/2023, 12:10:00 AM: CVE ID:
11/22/2023, 12:10:00 AM: CVE ID:
11/22/2023, 12:10:00 AM: CVE ID:
11/22/2023, 12:10:00 AM: CVE ID:
11/22/2023, 12:10:00 AM: CVE ID:
11/22/2023, 12:10:00 AM: CVE ID:
11/22/2023, 12:10:00 AM: CVE ID:
11/22/2023, 12:10:00 AM: CVE ID:
11/22/2023, 12:10:00 AM: CVE ID:
11/22/2023, 12:10:00 AM: CVE ID:
11/22/2023, 12:10:00 AM: CVE ID:
11/22/2023, 12:10:00 AM: CVE ID:
11/22/2023, 12:10:00 AM: CVE ID:
11/22/2023, 12:10:00 AM: CVE ID:
11/22/2023, 12:10:00 AM: CVE ID:
11/22/2023, 12:10:00 AM: CVE ID:
11/22/2023, 12:10:00 AM: CVE ID:
11/22/2023, 12:10:00 AM: CVE ID:
11/22/2023, 12:10:00 AM: CVE ID:
11/22/2023, 12:10:00 AM: CVE ID:
11/22/2023, 12:10:00 AM: CVE ID:
11/22/2023, 12:10:00 AM: CVE ID:
11/22/2023, 12:10:00 AM: CVE ID:
11/22/2023, 12:10:00 AM: CVE ID:
11/22/2023, 12:10:00 AM: CVE ID:
11/22/2023, 12:10:00 AM: CVE ID:
11/22/2023, 12:10:00 AM: CVE ID:
11/22/2023, 12:10:00 AM: CVE ID:
11/22/2023, 12:10:00 AM: CVE ID:
11/22/2023, 12:10:00 AM: CVE ID:
11/22/2023, 12:10:00 AM: CVE ID:
11/22/2023, 12:10:00 AM: CVE ID:
11/22/2023, 12:10:00 AM: CVE ID:
11/22/2023, 12:10:00 AM: CVE ID:
11/22/2023, 12:10:00 AM: CVE ID:
11/22/2023, 12:10:00 AM: CVE ID:
11/22/2023, 12:10:00 AM: CVE ID:
11/22/2023, 12:10:00 AM: CVE ID:
11/22/2023, 12:10:00 AM: CVE ID:
11/22/2023, 12:10:00 AM: CVE ID:
11/22/2023, 12:10:00 AM: CVE ID:
11/22/2023, 12:10:00 AM: CVE ID:
11/22/2023, 12:10:00 AM: CVE ID:
11/22/2023, 12:10:00 AM: CVE-2021-27502 has been saved to firebase
11/22/2023, 12:10:00 AM: CVE-2023-6213 has been saved to firebase
11/22/2023, 12:10:00 AM: CVE-2023-6212 has been saved to firebase
11/22/2023, 12:10:00 AM: CVE-2023-6211 has been saved to firebase
11/22/2023, 12:10:00 AM: CVE-2023-6210 has been saved to firebase
11/22/2023, 12:10:00 AM: CVE-2023-6209 has been saved to firebase
11/22/2023, 12:10:00 AM: CVE-2023-6208 has been saved to firebase
11/22/2023, 12:10:00 AM: CVE-2023-6207 has been saved to firebase
11/22/2023, 12:10:00 AM: CVE-2023-6206 has been saved to firebase
11/22/2023, 12:10:00 AM: CVE-2023-6205 has been saved to firebase
11/22/2023, 12:10:00 AM: CVE-2023-6204 has been saved to firebase
11/22/2023, 12:10:00 AM: CVE-2023-49061 has been saved to firebase
11/22/2023, 12:10:00 AM: CVE-2023-49060 has been saved to firebase
11/22/2023, 12:10:00 AM: CVE-2023-48124 has been saved to firebase
11/22/2023, 12:10:00 AM: CVE-2023-6235 has been saved to firebase
11/22/2023, 12:10:00 AM: CVE-2023-28802 has been saved to firebase
11/22/2023, 12:10:00 AM: CVE-2023-5599 has been saved to firebase
11/22/2023, 12:10:00 AM: CVE-2023-5598 has been saved to firebase
11/22/2023, 12:10:00 AM: CVE-2023-5776 has been saved to firebase
11/22/2023, 12:10:00 AM: CVE-2022-35638 has been saved to firebase
11/22/2023, 12:10:00 AM: CVE-2023-5553 has been saved to firebase
11/22/2023, 12:10:00 AM: CVE-2021-37942 has been saved to firebase
11/22/2023, 12:10:00 AM: CVE-2021-37937 has been saved to firebase
11/22/2023, 12:10:00 AM: CVE-2021-22143 has been saved to firebase
11/22/2023, 12:10:00 AM: CVE-2023-5299 has been saved to firebase
11/22/2023, 12:10:00 AM: CVE-2023-40152 has been saved to firebase
11/22/2023, 12:10:00 AM: CVE-2023-35127 has been saved to firebase
11/22/2023, 12:10:00 AM: CVE-2021-22151 has been saved to firebase
11/22/2023, 12:10:00 AM: CVE-2021-22150 has been saved to firebase
11/22/2023, 12:10:00 AM: CVE-2021-22142 has been saved to firebase
11/22/2023, 12:10:00 AM: CVE-2023-48701 has been saved to firebase
11/22/2023, 12:10:00 AM: CVE-2023-48700 has been saved to firebase
11/22/2023, 12:10:00 AM: CVE-2023-48699 has been saved to firebase
11/22/2023, 12:10:00 AM: CVE-2023-48307 has been saved to firebase
11/22/2023, 12:10:00 AM: CVE-2023-48306 has been saved to firebase
11/22/2023, 12:10:00 AM: CVE-2023-48305 has been saved to firebase
11/22/2023, 12:10:00 AM: CVE-2023-6248 has been saved to firebase
11/22/2023, 12:10:00 AM: CVE-2023-49105 has been saved to firebase
11/22/2023, 12:10:00 AM: CVE-2023-49104 has been saved to firebase
11/22/2023, 12:10:00 AM: CVE-2023-49103 has been saved to firebase
11/22/2023, 12:10:00 AM: CVE-2023-48304 has been saved to firebase
11/22/2023, 12:10:00 AM: CVE-2023-48303 has been saved to firebase
11/22/2023, 12:10:00 AM: CVE-2023-48302 has been saved to firebase
11/22/2023, 12:10:00 AM: CVE-2023-48301 has been saved to firebase
11/22/2023, 12:10:00 AM: CVE-2023-6238 has been saved to firebase
11/22/2023, 12:10:00 AM: CVE-2023-48299 has been saved to firebase
11/22/2023, 12:10:00 AM: CVE-2023-48239 has been saved to firebase
11/22/2023, 12:10:00 AM: CVE-2023-48230 has been saved to firebase
11/22/2023, 12:10:00 AM: CVE-2023-48228 has been saved to firebase
11/22/2023, 12:10:00 AM: CVE-2023-47643 has been saved to firebase
11/22/2023, 12:10:00 AM: CVE-2023-48226 has been saved to firebase
11/22/2023, 12:10:00 AM: CVE-2023-20274 has been saved to firebase
11/22/2023, 12:10:00 AM: CVE-2023-20272 has been saved to firebase
11/22/2023, 12:10:00 AM: CVE-2023-20265 has been saved to firebase
11/22/2023, 12:10:00 AM: CVE-2023-20208 has been saved to firebase
11/22/2023, 12:10:00 AM: CVE-2021-38405 has been saved to firebase
11/22/2023, 12:10:00 AM: CVE-2023-5055 has been saved to firebase
11/22/2023, 12:10:00 AM: CVE-2023-22521 has been saved to firebase
11/22/2023, 12:10:00 AM: CVE-2023-22516 has been saved to firebase
11/22/2023, 12:10:00 AM: CVE-2021-27504 has been saved to firebase
11/22/2023, 12:11:00 AM: Ran at: 11/22/2023, 12:11:00 AM
11/22/2023, 12:11:00 AM: server1 finished on 11/22/2023, 12:11:00 AM
11/22/2023, 12:11:00 AM: im still alive from server 1
11/22/2023, 12:11:00 AM: CVE ID:
11/22/2023, 12:11:00 AM: CVE ID:
11/22/2023, 12:11:00 AM: CVE ID:
11/22/2023, 12:11:00 AM: CVE ID:
11/22/2023, 12:11:00 AM: CVE ID:
11/22/2023, 12:11:00 AM: CVE ID:
11/22/2023, 12:11:00 AM: CVE ID:
11/22/2023, 12:11:00 AM: CVE ID:
11/22/2023, 12:11:00 AM: CVE ID:
11/22/2023, 12:11:00 AM: CVE ID:
11/22/2023, 12:11:00 AM: CVE ID:
11/22/2023, 12:11:00 AM: CVE ID:
11/22/2023, 12:11:00 AM: CVE ID:
11/22/2023, 12:11:00 AM: CVE ID:
11/22/2023, 12:11:00 AM: CVE ID:
11/22/2023, 12:11:00 AM: CVE ID:
11/22/2023, 12:11:00 AM: CVE ID:
11/22/2023, 12:11:00 AM: CVE ID:
11/22/2023, 12:11:00 AM: CVE ID:
11/22/2023, 12:11:00 AM: CVE ID:
11/22/2023, 12:11:00 AM: CVE ID:
11/22/2023, 12:11:00 AM: CVE ID:
11/22/2023, 12:11:00 AM: CVE ID:
11/22/2023, 12:11:00 AM: CVE ID:
11/22/2023, 12:11:00 AM: CVE ID:
11/22/2023, 12:11:00 AM: CVE ID:
11/22/2023, 12:11:00 AM: CVE ID:
11/22/2023, 12:11:00 AM: CVE ID:
11/22/2023, 12:11:00 AM: CVE ID:
11/22/2023, 12:11:00 AM: CVE ID:
11/22/2023, 12:11:00 AM: CVE ID:
11/22/2023, 12:11:00 AM: CVE ID:
11/22/2023, 12:11:00 AM: CVE ID:
11/22/2023, 12:11:00 AM: CVE ID:
11/22/2023, 12:11:00 AM: CVE ID:
11/22/2023, 12:11:00 AM: CVE ID:
11/22/2023, 12:11:00 AM: CVE ID:
11/22/2023, 12:11:00 AM: CVE ID:
11/22/2023, 12:11:00 AM: CVE ID:
11/22/2023, 12:11:00 AM: CVE ID:
11/22/2023, 12:11:00 AM: CVE-2023-48304 has been saved to firebase
11/22/2023, 12:11:00 AM: CVE-2023-48303 has been saved to firebase
11/22/2023, 12:11:00 AM: CVE-2023-48301 has been saved to firebase
11/22/2023, 12:11:00 AM: CVE-2023-6238 has been saved to firebase
11/22/2023, 12:11:00 AM: CVE-2023-48302 has been saved to firebase
11/22/2023, 12:11:00 AM: CVE-2023-48299 has been saved to firebase
11/22/2023, 12:11:00 AM: CVE-2023-48239 has been saved to firebase
11/22/2023, 12:11:00 AM: CVE-2023-48230 has been saved to firebase
11/22/2023, 12:11:00 AM: CVE-2023-48228 has been saved to firebase
11/22/2023, 12:11:00 AM: CVE-2023-48226 has been saved to firebase
11/22/2023, 12:11:00 AM: CVE-2023-47643 has been saved to firebase
11/22/2023, 12:11:00 AM: CVE-2023-20274 has been saved to firebase
11/22/2023, 12:11:00 AM: CVE-2023-20272 has been saved to firebase
11/22/2023, 12:11:00 AM: CVE-2023-20265 has been saved to firebase
11/22/2023, 12:11:00 AM: CVE-2023-20208 has been saved to firebase
11/22/2023, 12:11:00 AM: CVE-2021-38405 has been saved to firebase
11/22/2023, 12:11:00 AM: CVE-2023-5055 has been saved to firebase
11/22/2023, 12:11:00 AM: CVE-2023-22521 has been saved to firebase
11/22/2023, 12:11:00 AM: CVE-2023-22516 has been saved to firebase
11/22/2023, 12:11:00 AM: CVE-2021-27504 has been saved to firebase
11/22/2023, 12:11:00 AM: CVE-2021-27502 has been saved to firebase
11/22/2023, 12:11:00 AM: CVE-2023-6213 has been saved to firebase
11/22/2023, 12:11:00 AM: CVE-2023-6212 has been saved to firebase
11/22/2023, 12:11:00 AM: CVE-2023-6211 has been saved to firebase
11/22/2023, 12:11:00 AM: CVE-2023-6210 has been saved to firebase
11/22/2023, 12:11:00 AM: CVE-2023-6209 has been saved to firebase
11/22/2023, 12:11:00 AM: CVE-2023-6208 has been saved to firebase
11/22/2023, 12:11:00 AM: CVE-2023-6207 has been saved to firebase
11/22/2023, 12:11:00 AM: CVE-2023-6206 has been saved to firebase
11/22/2023, 12:11:00 AM: CVE-2023-6205 has been saved to firebase
11/22/2023, 12:11:00 AM: CVE-2023-6204 has been saved to firebase
11/22/2023, 12:11:00 AM: CVE-2023-49061 has been saved to firebase
11/22/2023, 12:11:00 AM: CVE-2023-49060 has been saved to firebase
11/22/2023, 12:11:00 AM: CVE-2023-48124 has been saved to firebase
11/22/2023, 12:11:00 AM: CVE-2023-6235 has been saved to firebase
11/22/2023, 12:11:00 AM: CVE-2023-28802 has been saved to firebase
11/22/2023, 12:11:00 AM: CVE-2023-5599 has been saved to firebase
11/22/2023, 12:11:00 AM: CVE-2023-5598 has been saved to firebase
11/22/2023, 12:11:00 AM: CVE-2023-5776 has been saved to firebase
11/22/2023, 12:11:00 AM: CVE-2023-5553 has been saved to firebase
11/22/2023, 12:11:00 AM: CVE ID:
11/22/2023, 12:11:00 AM: CVE ID:
11/22/2023, 12:11:00 AM: CVE ID:
11/22/2023, 12:11:00 AM: CVE ID:
11/22/2023, 12:11:00 AM: CVE ID:
11/22/2023, 12:11:00 AM: CVE ID:
11/22/2023, 12:11:00 AM: CVE ID:
11/22/2023, 12:11:00 AM: CVE ID:
11/22/2023, 12:11:00 AM: CVE ID:
11/22/2023, 12:11:00 AM: CVE ID:
11/22/2023, 12:11:00 AM: CVE ID:
11/22/2023, 12:11:00 AM: CVE ID:
11/22/2023, 12:11:00 AM: CVE ID:
11/22/2023, 12:11:00 AM: CVE ID:
11/22/2023, 12:11:00 AM: CVE ID:
11/22/2023, 12:11:00 AM: CVE ID:
11/22/2023, 12:11:00 AM: CVE ID:
11/22/2023, 12:11:00 AM: CVE ID:
11/22/2023, 12:11:00 AM: CVE ID:
11/22/2023, 12:11:00 AM: CVE ID:
11/22/2023, 12:11:00 AM: CVE-2022-35638 has been saved to firebase
11/22/2023, 12:11:01 AM: CVE-2021-37942 has been saved to firebase
11/22/2023, 12:11:01 AM: CVE-2021-37937 has been saved to firebase
11/22/2023, 12:11:01 AM: CVE-2021-22143 has been saved to firebase
11/22/2023, 12:11:01 AM: CVE-2023-5299 has been saved to firebase
11/22/2023, 12:11:01 AM: CVE-2023-40152 has been saved to firebase
11/22/2023, 12:11:01 AM: CVE-2023-35127 has been saved to firebase
11/22/2023, 12:11:01 AM: CVE-2021-22151 has been saved to firebase
11/22/2023, 12:11:01 AM: CVE-2021-22150 has been saved to firebase
11/22/2023, 12:11:01 AM: CVE-2021-22142 has been saved to firebase
11/22/2023, 12:11:01 AM: CVE-2023-48701 has been saved to firebase
11/22/2023, 12:11:01 AM: CVE-2023-48700 has been saved to firebase
11/22/2023, 12:11:01 AM: CVE-2023-48699 has been saved to firebase
11/22/2023, 12:11:01 AM: CVE-2023-48307 has been saved to firebase
11/22/2023, 12:11:01 AM: CVE-2023-48306 has been saved to firebase
11/22/2023, 12:11:01 AM: CVE-2023-48305 has been saved to firebase
11/22/2023, 12:11:01 AM: CVE-2023-6248 has been saved to firebase
11/22/2023, 12:11:01 AM: CVE-2023-49105 has been saved to firebase
11/22/2023, 12:11:01 AM: CVE-2023-49104 has been saved to firebase
11/22/2023, 12:11:01 AM: CVE-2023-49103 has been saved to firebase
11/22/2023, 12:12:00 AM: Ran at: 11/22/2023, 12:12:00 AM
11/22/2023, 12:12:00 AM: im still alive from server 1
11/22/2023, 12:12:00 AM: server1 finished on 11/22/2023, 12:12:00 AM
11/22/2023, 12:12:00 AM: CVE ID:
11/22/2023, 12:12:00 AM: CVE ID:
11/22/2023, 12:12:00 AM: CVE ID:
11/22/2023, 12:12:00 AM: CVE ID:
11/22/2023, 12:12:00 AM: CVE ID:
11/22/2023, 12:12:00 AM: CVE ID:
11/22/2023, 12:12:00 AM: CVE ID:
11/22/2023, 12:12:00 AM: CVE ID:
11/22/2023, 12:12:00 AM: CVE ID:
11/22/2023, 12:12:00 AM: CVE ID:
11/22/2023, 12:12:00 AM: CVE ID:
11/22/2023, 12:12:00 AM: CVE ID:
11/22/2023, 12:12:00 AM: CVE ID:
11/22/2023, 12:12:00 AM: CVE ID:
11/22/2023, 12:12:00 AM: CVE ID:
11/22/2023, 12:12:00 AM: CVE ID:
11/22/2023, 12:12:00 AM: CVE ID:
11/22/2023, 12:12:00 AM: CVE ID:
11/22/2023, 12:12:00 AM: CVE ID:
11/22/2023, 12:12:00 AM: CVE ID:
11/22/2023, 12:12:00 AM: CVE-2022-35638 has been saved to firebase
11/22/2023, 12:12:00 AM: CVE-2021-37942 has been saved to firebase
11/22/2023, 12:12:00 AM: CVE-2021-37937 has been saved to firebase
11/22/2023, 12:12:00 AM: CVE-2023-5299 has been saved to firebase
11/22/2023, 12:12:00 AM: CVE-2021-22143 has been saved to firebase
11/22/2023, 12:12:00 AM: CVE-2023-40152 has been saved to firebase
11/22/2023, 12:12:00 AM: CVE-2023-35127 has been saved to firebase
11/22/2023, 12:12:00 AM: CVE-2021-22151 has been saved to firebase
11/22/2023, 12:12:00 AM: CVE-2021-22150 has been saved to firebase
11/22/2023, 12:12:00 AM: CVE-2021-22142 has been saved to firebase
11/22/2023, 12:12:00 AM: CVE-2023-48701 has been saved to firebase
11/22/2023, 12:12:00 AM: CVE-2023-48700 has been saved to firebase
11/22/2023, 12:12:00 AM: CVE-2023-48699 has been saved to firebase
11/22/2023, 12:12:00 AM: CVE-2023-48307 has been saved to firebase
11/22/2023, 12:12:00 AM: CVE-2023-48306 has been saved to firebase
11/22/2023, 12:12:00 AM: CVE-2023-48305 has been saved to firebase
11/22/2023, 12:12:00 AM: CVE-2023-6248 has been saved to firebase
11/22/2023, 12:12:00 AM: CVE-2023-49105 has been saved to firebase
11/22/2023, 12:12:00 AM: CVE-2023-49104 has been saved to firebase
11/22/2023, 12:12:00 AM: CVE-2023-49103 has been saved to firebase
11/22/2023, 12:12:00 AM: CVE ID:
11/22/2023, 12:12:00 AM: CVE ID:
11/22/2023, 12:12:00 AM: CVE ID:
11/22/2023, 12:12:00 AM: CVE ID:
11/22/2023, 12:12:00 AM: CVE ID:
11/22/2023, 12:12:00 AM: CVE ID:
11/22/2023, 12:12:00 AM: CVE ID:
11/22/2023, 12:12:00 AM: CVE ID:
11/22/2023, 12:12:00 AM: CVE ID:
11/22/2023, 12:12:00 AM: CVE ID:
11/22/2023, 12:12:00 AM: CVE ID:
11/22/2023, 12:12:00 AM: CVE ID:
11/22/2023, 12:12:00 AM: CVE ID:
11/22/2023, 12:12:00 AM: CVE ID:
11/22/2023, 12:12:00 AM: CVE ID:
11/22/2023, 12:12:00 AM: CVE ID:
11/22/2023, 12:12:00 AM: CVE ID:
11/22/2023, 12:12:00 AM: CVE ID:
11/22/2023, 12:12:00 AM: CVE ID:
11/22/2023, 12:12:00 AM: CVE ID:
11/22/2023, 12:12:00 AM: CVE-2021-27502 has been saved to firebase
11/22/2023, 12:12:00 AM: CVE ID:
11/22/2023, 12:12:00 AM: CVE ID:
11/22/2023, 12:12:01 AM: CVE ID:
11/22/2023, 12:12:01 AM: CVE ID:
11/22/2023, 12:12:01 AM: CVE ID:
11/22/2023, 12:12:01 AM: CVE ID:
11/22/2023, 12:12:01 AM: CVE ID:
11/22/2023, 12:12:01 AM: CVE ID:
11/22/2023, 12:12:01 AM: CVE ID:
11/22/2023, 12:12:01 AM: CVE ID:
11/22/2023, 12:12:01 AM: CVE ID:
11/22/2023, 12:12:01 AM: CVE ID:
11/22/2023, 12:12:01 AM: CVE ID:
11/22/2023, 12:12:01 AM: CVE ID:
11/22/2023, 12:12:01 AM: CVE ID:
11/22/2023, 12:12:01 AM: CVE ID:
11/22/2023, 12:12:01 AM: CVE ID:
11/22/2023, 12:12:01 AM: CVE ID:
11/22/2023, 12:12:01 AM: CVE ID:
11/22/2023, 12:12:01 AM: CVE ID:
11/22/2023, 12:12:01 AM: CVE-2023-6213 has been saved to firebase
11/22/2023, 12:12:01 AM: CVE-2023-6212 has been saved to firebase
11/22/2023, 12:12:01 AM: CVE-2023-6211 has been saved to firebase
11/22/2023, 12:12:01 AM: CVE-2023-6210 has been saved to firebase
11/22/2023, 12:12:01 AM: CVE-2023-6209 has been saved to firebase
11/22/2023, 12:12:01 AM: CVE-2023-6207 has been saved to firebase
11/22/2023, 12:12:01 AM: CVE-2023-6208 has been saved to firebase
11/22/2023, 12:12:01 AM: CVE-2023-6206 has been saved to firebase
11/22/2023, 12:12:01 AM: CVE-2023-6205 has been saved to firebase
11/22/2023, 12:12:01 AM: CVE-2023-6204 has been saved to firebase
11/22/2023, 12:12:01 AM: CVE-2023-49061 has been saved to firebase
11/22/2023, 12:12:01 AM: CVE-2023-49060 has been saved to firebase
11/22/2023, 12:12:01 AM: CVE-2023-48124 has been saved to firebase
11/22/2023, 12:12:01 AM: CVE-2023-6235 has been saved to firebase
11/22/2023, 12:12:01 AM: CVE-2023-28802 has been saved to firebase
11/22/2023, 12:12:01 AM: CVE-2023-5599 has been saved to firebase
11/22/2023, 12:12:01 AM: CVE-2023-5598 has been saved to firebase
11/22/2023, 12:12:01 AM: CVE-2023-5776 has been saved to firebase
11/22/2023, 12:12:01 AM: CVE-2023-5553 has been saved to firebase
11/22/2023, 12:12:01 AM: CVE-2023-48304 has been saved to firebase
11/22/2023, 12:12:01 AM: CVE-2023-48303 has been saved to firebase
11/22/2023, 12:12:01 AM: CVE-2023-48302 has been saved to firebase
11/22/2023, 12:12:01 AM: CVE-2023-48301 has been saved to firebase
11/22/2023, 12:12:01 AM: CVE-2023-6238 has been saved to firebase
11/22/2023, 12:12:01 AM: CVE-2023-48299 has been saved to firebase
11/22/2023, 12:12:01 AM: CVE-2023-48239 has been saved to firebase
11/22/2023, 12:12:01 AM: CVE-2023-48230 has been saved to firebase
11/22/2023, 12:12:01 AM: CVE-2023-48228 has been saved to firebase
11/22/2023, 12:12:01 AM: CVE-2023-48226 has been saved to firebase
11/22/2023, 12:12:01 AM: CVE-2023-47643 has been saved to firebase
11/22/2023, 12:12:01 AM: CVE-2023-20272 has been saved to firebase
11/22/2023, 12:12:01 AM: CVE-2023-20274 has been saved to firebase
11/22/2023, 12:12:01 AM: CVE-2023-20265 has been saved to firebase
11/22/2023, 12:12:01 AM: CVE-2023-20208 has been saved to firebase
11/22/2023, 12:12:01 AM: CVE-2021-38405 has been saved to firebase
11/22/2023, 12:12:01 AM: CVE-2023-5055 has been saved to firebase
11/22/2023, 12:12:01 AM: CVE-2023-22521 has been saved to firebase
11/22/2023, 12:12:01 AM: CVE-2023-22516 has been saved to firebase
11/22/2023, 12:12:01 AM: CVE-2021-27504 has been saved to firebase
11/22/2023, 12:13:00 AM: im still alive from server 1
11/22/2023, 12:13:00 AM: server1 finished on 11/22/2023, 12:13:00 AM
11/22/2023, 12:13:00 AM: Ran at: 11/22/2023, 12:13:00 AM
11/22/2023, 12:13:00 AM: CVE ID:
11/22/2023, 12:13:00 AM: CVE ID:
11/22/2023, 12:13:00 AM: CVE ID:
11/22/2023, 12:13:00 AM: CVE ID:
11/22/2023, 12:13:00 AM: CVE ID:
11/22/2023, 12:13:00 AM: CVE ID:
11/22/2023, 12:13:00 AM: CVE ID:
11/22/2023, 12:13:00 AM: CVE ID:
11/22/2023, 12:13:00 AM: CVE ID:
11/22/2023, 12:13:00 AM: CVE ID:
11/22/2023, 12:13:00 AM: CVE ID:
11/22/2023, 12:13:00 AM: CVE ID:
11/22/2023, 12:13:00 AM: CVE ID:
11/22/2023, 12:13:00 AM: CVE ID:
11/22/2023, 12:13:00 AM: CVE ID:
11/22/2023, 12:13:00 AM: CVE ID:
11/22/2023, 12:13:00 AM: CVE ID:
11/22/2023, 12:13:00 AM: CVE ID:
11/22/2023, 12:13:00 AM: CVE ID:
11/22/2023, 12:13:00 AM: CVE ID:
11/22/2023, 12:13:00 AM: CVE ID:
11/22/2023, 12:13:00 AM: CVE ID:
11/22/2023, 12:13:00 AM: CVE ID:
11/22/2023, 12:13:00 AM: CVE ID:
11/22/2023, 12:13:00 AM: CVE ID:
11/22/2023, 12:13:00 AM: CVE ID:
11/22/2023, 12:13:00 AM: CVE ID:
11/22/2023, 12:13:00 AM: CVE ID:
11/22/2023, 12:13:00 AM: CVE ID:
11/22/2023, 12:13:00 AM: CVE ID:
11/22/2023, 12:13:00 AM: CVE ID:
11/22/2023, 12:13:00 AM: CVE ID:
11/22/2023, 12:13:00 AM: CVE ID:
11/22/2023, 12:13:00 AM: CVE ID:
11/22/2023, 12:13:00 AM: CVE ID:
11/22/2023, 12:13:00 AM: CVE ID:
11/22/2023, 12:13:00 AM: CVE ID:
11/22/2023, 12:13:00 AM: CVE ID:
11/22/2023, 12:13:00 AM: CVE ID:
11/22/2023, 12:13:00 AM: CVE ID:
11/22/2023, 12:13:00 AM: CVE ID:
11/22/2023, 12:13:00 AM: CVE ID:
11/22/2023, 12:13:00 AM: CVE ID:
11/22/2023, 12:13:00 AM: CVE ID:
11/22/2023, 12:13:00 AM: CVE ID:
11/22/2023, 12:13:00 AM: CVE ID:
11/22/2023, 12:13:00 AM: CVE ID:
11/22/2023, 12:13:00 AM: CVE ID:
11/22/2023, 12:13:00 AM: CVE ID:
11/22/2023, 12:13:00 AM: CVE ID:
11/22/2023, 12:13:00 AM: CVE ID:
11/22/2023, 12:13:00 AM: CVE ID:
11/22/2023, 12:13:00 AM: CVE ID:
11/22/2023, 12:13:00 AM: CVE ID:
11/22/2023, 12:13:00 AM: CVE ID:
11/22/2023, 12:13:00 AM: CVE ID:
11/22/2023, 12:13:00 AM: CVE ID:
11/22/2023, 12:13:00 AM: CVE ID:
11/22/2023, 12:13:00 AM: CVE ID:
11/22/2023, 12:13:00 AM: CVE ID:
11/22/2023, 12:13:00 AM: CVE-2022-35638 has been saved to firebase
11/22/2023, 12:13:00 AM: CVE-2021-37937 has been saved to firebase
11/22/2023, 12:13:00 AM: CVE-2023-5299 has been saved to firebase
11/22/2023, 12:13:00 AM: CVE-2023-40152 has been saved to firebase
11/22/2023, 12:13:00 AM: CVE-2021-22151 has been saved to firebase
11/22/2023, 12:13:00 AM: CVE-2021-22150 has been saved to firebase
11/22/2023, 12:13:00 AM: CVE-2021-22142 has been saved to firebase
11/22/2023, 12:13:00 AM: CVE-2023-48701 has been saved to firebase
11/22/2023, 12:13:00 AM: CVE-2023-48700 has been saved to firebase
11/22/2023, 12:13:00 AM: CVE-2023-48699 has been saved to firebase
11/22/2023, 12:13:00 AM: CVE-2023-48307 has been saved to firebase
11/22/2023, 12:13:00 AM: CVE-2023-48306 has been saved to firebase
11/22/2023, 12:13:00 AM: CVE-2023-48305 has been saved to firebase
11/22/2023, 12:13:00 AM: CVE-2023-6248 has been saved to firebase
11/22/2023, 12:13:00 AM: CVE-2023-49105 has been saved to firebase
11/22/2023, 12:13:00 AM: CVE-2021-37942 has been saved to firebase
11/22/2023, 12:13:00 AM: CVE-2021-22143 has been saved to firebase
11/22/2023, 12:13:00 AM: CVE-2023-35127 has been saved to firebase
11/22/2023, 12:13:00 AM: CVE-2023-49104 has been saved to firebase
11/22/2023, 12:13:00 AM: CVE-2021-27502 has been saved to firebase
11/22/2023, 12:13:00 AM: CVE-2023-6211 has been saved to firebase
11/22/2023, 12:13:00 AM: CVE-2023-6210 has been saved to firebase
11/22/2023, 12:13:00 AM: CVE-2023-6209 has been saved to firebase
11/22/2023, 12:13:00 AM: CVE-2023-6208 has been saved to firebase
11/22/2023, 12:13:00 AM: CVE-2023-6207 has been saved to firebase
11/22/2023, 12:13:00 AM: CVE-2023-6206 has been saved to firebase
11/22/2023, 12:13:00 AM: CVE-2023-6205 has been saved to firebase
11/22/2023, 12:13:00 AM: CVE-2023-6204 has been saved to firebase
11/22/2023, 12:13:00 AM: CVE-2023-49061 has been saved to firebase
11/22/2023, 12:13:00 AM: CVE-2023-49060 has been saved to firebase
11/22/2023, 12:13:00 AM: CVE-2023-48124 has been saved to firebase
11/22/2023, 12:13:00 AM: CVE-2023-6235 has been saved to firebase
11/22/2023, 12:13:00 AM: CVE-2023-28802 has been saved to firebase
11/22/2023, 12:13:00 AM: CVE-2023-5598 has been saved to firebase
11/22/2023, 12:13:00 AM: CVE-2023-5776 has been saved to firebase
11/22/2023, 12:13:00 AM: CVE-2023-5553 has been saved to firebase
11/22/2023, 12:13:00 AM: CVE-2023-48304 has been saved to firebase
11/22/2023, 12:13:00 AM: CVE-2023-48303 has been saved to firebase
11/22/2023, 12:13:00 AM: CVE-2023-48302 has been saved to firebase
11/22/2023, 12:13:00 AM: CVE-2023-48301 has been saved to firebase
11/22/2023, 12:13:00 AM: CVE-2023-6238 has been saved to firebase
11/22/2023, 12:13:00 AM: CVE-2023-5599 has been saved to firebase
11/22/2023, 12:13:00 AM: CVE-2023-48299 has been saved to firebase
11/22/2023, 12:13:00 AM: CVE-2023-48239 has been saved to firebase
11/22/2023, 12:13:00 AM: CVE-2023-48230 has been saved to firebase
11/22/2023, 12:13:00 AM: CVE-2023-48228 has been saved to firebase
11/22/2023, 12:13:00 AM: CVE-2023-48226 has been saved to firebase
11/22/2023, 12:13:00 AM: CVE-2023-47643 has been saved to firebase
11/22/2023, 12:13:00 AM: CVE-2023-20274 has been saved to firebase
11/22/2023, 12:13:00 AM: CVE-2023-20265 has been saved to firebase
11/22/2023, 12:13:00 AM: CVE-2023-20272 has been saved to firebase
11/22/2023, 12:13:00 AM: CVE-2023-6212 has been saved to firebase
11/22/2023, 12:13:00 AM: CVE-2023-49103 has been saved to firebase
11/22/2023, 12:13:00 AM: CVE-2023-6213 has been saved to firebase
11/22/2023, 12:13:00 AM: CVE-2023-20208 has been saved to firebase
11/22/2023, 12:13:00 AM: CVE-2021-38405 has been saved to firebase
11/22/2023, 12:13:00 AM: CVE-2023-5055 has been saved to firebase
11/22/2023, 12:13:00 AM: CVE-2023-22521 has been saved to firebase
11/22/2023, 12:13:00 AM: CVE-2021-27504 has been saved to firebase
11/22/2023, 12:13:00 AM: CVE-2023-22516 has been saved to firebase
11/22/2023, 12:13:31 AM: cve server is up on port: 5334
11/22/2023, 12:14:00 AM: Ran at: 11/22/2023, 12:14:00 AM
11/22/2023, 12:14:00 AM: im still alive from server 1
11/22/2023, 12:14:00 AM: server1 finished on 11/22/2023, 12:14:00 AM
11/22/2023, 12:14:01 AM: CVE-2022-35638 has been saved to firebase
11/22/2023, 12:14:01 AM: CVE-2021-37942 has been saved to firebase
11/22/2023, 12:14:01 AM: CVE-2021-37937 has been saved to firebase
11/22/2023, 12:14:01 AM: CVE-2021-22143 has been saved to firebase
11/22/2023, 12:14:01 AM: CVE-2023-5299 has been saved to firebase
11/22/2023, 12:14:01 AM: CVE-2023-40152 has been saved to firebase
11/22/2023, 12:14:01 AM: CVE-2023-35127 has been saved to firebase
11/22/2023, 12:14:01 AM: CVE-2021-22151 has been saved to firebase
11/22/2023, 12:14:01 AM: CVE-2021-22150 has been saved to firebase
11/22/2023, 12:14:01 AM: CVE-2021-22142 has been saved to firebase
11/22/2023, 12:14:01 AM: CVE-2023-48701 has been saved to firebase
11/22/2023, 12:14:01 AM: CVE-2023-48699 has been saved to firebase
11/22/2023, 12:14:01 AM: CVE-2023-48307 has been saved to firebase
11/22/2023, 12:14:01 AM: CVE-2023-48306 has been saved to firebase
11/22/2023, 12:14:01 AM: CVE-2023-48305 has been saved to firebase
11/22/2023, 12:14:01 AM: CVE-2023-6248 has been saved to firebase
11/22/2023, 12:14:01 AM: CVE-2023-49105 has been saved to firebase
11/22/2023, 12:14:01 AM: CVE-2023-48700 has been saved to firebase
11/22/2023, 12:14:01 AM: CVE-2023-49104 has been saved to firebase
11/22/2023, 12:14:01 AM: CVE-2023-49103 has been saved to firebase
11/22/2023, 12:14:01 AM: CVE-2021-27502 has been saved to firebase
11/22/2023, 12:14:01 AM: CVE-2023-6213 has been saved to firebase
11/22/2023, 12:14:01 AM: CVE-2023-6212 has been saved to firebase
11/22/2023, 12:14:01 AM: CVE-2023-6211 has been saved to firebase
11/22/2023, 12:14:01 AM: CVE-2023-6210 has been saved to firebase
11/22/2023, 12:14:01 AM: CVE-2023-6209 has been saved to firebase
11/22/2023, 12:14:01 AM: CVE-2023-6208 has been saved to firebase
11/22/2023, 12:14:01 AM: CVE-2023-6207 has been saved to firebase
11/22/2023, 12:14:01 AM: CVE-2023-6206 has been saved to firebase
11/22/2023, 12:14:01 AM: CVE-2023-6205 has been saved to firebase
11/22/2023, 12:14:01 AM: CVE-2023-49061 has been saved to firebase
11/22/2023, 12:14:01 AM: CVE-2023-49060 has been saved to firebase
11/22/2023, 12:14:01 AM: CVE-2023-28802 has been saved to firebase
11/22/2023, 12:14:01 AM: CVE-2023-5599 has been saved to firebase
11/22/2023, 12:14:01 AM: CVE-2023-5598 has been saved to firebase
11/22/2023, 12:14:01 AM: CVE-2023-5776 has been saved to firebase
11/22/2023, 12:14:01 AM: CVE-2023-5553 has been saved to firebase
11/22/2023, 12:14:01 AM: CVE-2023-48304 has been saved to firebase
11/22/2023, 12:14:01 AM: CVE-2023-48303 has been saved to firebase
11/22/2023, 12:14:01 AM: CVE-2023-48302 has been saved to firebase
11/22/2023, 12:14:01 AM: CVE-2023-48301 has been saved to firebase
11/22/2023, 12:14:01 AM: CVE-2023-6238 has been saved to firebase
11/22/2023, 12:14:01 AM: CVE-2023-48299 has been saved to firebase
11/22/2023, 12:14:01 AM: CVE-2023-48239 has been saved to firebase
11/22/2023, 12:14:01 AM: CVE-2023-48230 has been saved to firebase
11/22/2023, 12:14:01 AM: CVE-2023-48228 has been saved to firebase
11/22/2023, 12:14:01 AM: CVE-2023-48226 has been saved to firebase
11/22/2023, 12:14:01 AM: CVE-2023-47643 has been saved to firebase
11/22/2023, 12:14:01 AM: CVE-2023-20274 has been saved to firebase
11/22/2023, 12:14:01 AM: CVE-2023-20272 has been saved to firebase
11/22/2023, 12:14:01 AM: CVE-2023-20265 has been saved to firebase
11/22/2023, 12:14:01 AM: CVE-2023-20208 has been saved to firebase
11/22/2023, 12:14:01 AM: CVE-2021-38405 has been saved to firebase
11/22/2023, 12:14:01 AM: CVE-2023-5055 has been saved to firebase
11/22/2023, 12:14:01 AM: CVE-2023-22521 has been saved to firebase
11/22/2023, 12:14:01 AM: CVE-2023-22516 has been saved to firebase
11/22/2023, 12:14:01 AM: CVE-2021-27504 has been saved to firebase
11/22/2023, 12:14:01 AM: CVE-2023-6204 has been saved to firebase
11/22/2023, 12:14:01 AM: CVE-2023-48124 has been saved to firebase
11/22/2023, 12:14:01 AM: CVE-2023-6235 has been saved to firebase
11/22/2023, 12:15:00 AM: Ran at: 11/22/2023, 12:15:00 AM
11/22/2023, 12:15:00 AM: im still alive from server 1
11/22/2023, 12:15:00 AM: server1 finished on 11/22/2023, 12:15:00 AM
11/22/2023, 12:15:00 AM: CVE-2023-48304 has been saved to firebase
11/22/2023, 12:15:00 AM: CVE-2023-48302 has been saved to firebase
11/22/2023, 12:15:00 AM: CVE-2023-48299 has been saved to firebase
11/22/2023, 12:15:00 AM: CVE-2023-48239 has been saved to firebase
11/22/2023, 12:15:00 AM: CVE-2023-48303 has been saved to firebase
11/22/2023, 12:15:00 AM: CVE-2023-48301 has been saved to firebase
11/22/2023, 12:15:00 AM: CVE-2023-48226 has been saved to firebase
11/22/2023, 12:15:00 AM: CVE-2023-47643 has been saved to firebase
11/22/2023, 12:15:00 AM: CVE-2023-20274 has been saved to firebase
11/22/2023, 12:15:00 AM: CVE-2023-20272 has been saved to firebase
11/22/2023, 12:15:00 AM: CVE-2023-6238 has been saved to firebase
11/22/2023, 12:15:00 AM: CVE-2023-20208 has been saved to firebase
11/22/2023, 12:15:00 AM: CVE-2023-48228 has been saved to firebase
11/22/2023, 12:15:00 AM: CVE-2023-5055 has been saved to firebase
11/22/2023, 12:15:00 AM: CVE-2021-38405 has been saved to firebase
11/22/2023, 12:15:00 AM: CVE-2023-22516 has been saved to firebase
11/22/2023, 12:15:00 AM: CVE-2021-27504 has been saved to firebase
11/22/2023, 12:15:00 AM: CVE-2022-35638 has been saved to firebase
11/22/2023, 12:15:00 AM: CVE-2023-20265 has been saved to firebase
11/22/2023, 12:15:00 AM: CVE-2023-48230 has been saved to firebase
11/22/2023, 12:15:00 AM: CVE-2023-22521 has been saved to firebase
11/22/2023, 12:15:00 AM: CVE-2021-37942 has been saved to firebase
11/22/2023, 12:15:00 AM: CVE-2021-37937 has been saved to firebase
11/22/2023, 12:15:00 AM: CVE-2023-40152 has been saved to firebase
11/22/2023, 12:15:00 AM: CVE-2023-5299 has been saved to firebase
11/22/2023, 12:15:00 AM: CVE-2023-35127 has been saved to firebase
11/22/2023, 12:15:00 AM: CVE-2021-22150 has been saved to firebase
11/22/2023, 12:15:00 AM: CVE-2023-48701 has been saved to firebase
11/22/2023, 12:15:00 AM: CVE-2023-48700 has been saved to firebase
11/22/2023, 12:15:00 AM: CVE-2023-48699 has been saved to firebase
11/22/2023, 12:15:00 AM: CVE-2023-48307 has been saved to firebase
11/22/2023, 12:15:00 AM: CVE-2023-48306 has been saved to firebase
11/22/2023, 12:15:00 AM: CVE-2023-6248 has been saved to firebase
11/22/2023, 12:15:00 AM: CVE-2023-48305 has been saved to firebase
11/22/2023, 12:15:00 AM: CVE-2023-49104 has been saved to firebase
11/22/2023, 12:15:00 AM: CVE-2023-49105 has been saved to firebase
11/22/2023, 12:15:00 AM: CVE-2023-49103 has been saved to firebase
11/22/2023, 12:15:00 AM: CVE-2021-27502 has been saved to firebase
11/22/2023, 12:15:00 AM: CVE-2021-22142 has been saved to firebase
11/22/2023, 12:15:00 AM: CVE-2021-22143 has been saved to firebase
11/22/2023, 12:15:00 AM: CVE-2021-22151 has been saved to firebase
11/22/2023, 12:15:00 AM: CVE-2023-6213 has been saved to firebase
11/22/2023, 12:15:00 AM: CVE-2023-6209 has been saved to firebase
11/22/2023, 12:15:00 AM: CVE-2023-6208 has been saved to firebase
11/22/2023, 12:15:00 AM: CVE-2023-6207 has been saved to firebase
11/22/2023, 12:15:00 AM: CVE-2023-6206 has been saved to firebase
11/22/2023, 12:15:00 AM: CVE-2023-6212 has been saved to firebase
11/22/2023, 12:15:00 AM: CVE-2023-6211 has been saved to firebase
11/22/2023, 12:15:00 AM: CVE-2023-6210 has been saved to firebase
11/22/2023, 12:15:00 AM: CVE-2023-6205 has been saved to firebase
11/22/2023, 12:15:00 AM: CVE-2023-6204 has been saved to firebase
11/22/2023, 12:15:00 AM: CVE-2023-49061 has been saved to firebase
11/22/2023, 12:15:00 AM: CVE-2023-49060 has been saved to firebase
11/22/2023, 12:15:00 AM: CVE-2023-5599 has been saved to firebase
11/22/2023, 12:15:00 AM: CVE-2023-6235 has been saved to firebase
11/22/2023, 12:15:00 AM: CVE-2023-28802 has been saved to firebase
11/22/2023, 12:15:00 AM: CVE-2023-48124 has been saved to firebase
11/22/2023, 12:15:00 AM: CVE-2023-5598 has been saved to firebase
11/22/2023, 12:15:00 AM: CVE-2023-5776 has been saved to firebase
11/22/2023, 12:15:00 AM: CVE-2023-5553 has been saved to firebase
11/22/2023, 12:16:00 AM: Ran at: 11/22/2023, 12:16:00 AM
11/22/2023, 12:16:00 AM: server1 finished on 11/22/2023, 12:16:00 AM
11/22/2023, 12:16:00 AM: im still alive from server 1
11/22/2023, 12:16:00 AM: CVE-2022-35638 has been saved to firebase
11/22/2023, 12:16:00 AM: CVE-2021-37937 has been saved to firebase
11/22/2023, 12:16:00 AM: CVE-2021-22143 has been saved to firebase
11/22/2023, 12:16:00 AM: CVE-2023-5299 has been saved to firebase
11/22/2023, 12:16:00 AM: CVE-2023-40152 has been saved to firebase
11/22/2023, 12:16:00 AM: CVE-2023-35127 has been saved to firebase
11/22/2023, 12:16:00 AM: CVE-2021-22151 has been saved to firebase
11/22/2023, 12:16:00 AM: CVE-2021-22150 has been saved to firebase
11/22/2023, 12:16:00 AM: CVE-2021-22142 has been saved to firebase
11/22/2023, 12:16:00 AM: CVE-2023-48701 has been saved to firebase
11/22/2023, 12:16:00 AM: CVE-2023-48700 has been saved to firebase
11/22/2023, 12:16:00 AM: CVE-2023-48699 has been saved to firebase
11/22/2023, 12:16:00 AM: CVE-2023-48307 has been saved to firebase
11/22/2023, 12:16:00 AM: CVE-2023-48306 has been saved to firebase
11/22/2023, 12:16:00 AM: CVE-2023-48305 has been saved to firebase
11/22/2023, 12:16:00 AM: CVE-2023-6248 has been saved to firebase
11/22/2023, 12:16:00 AM: CVE-2023-49105 has been saved to firebase
11/22/2023, 12:16:00 AM: CVE-2023-49104 has been saved to firebase
11/22/2023, 12:16:00 AM: CVE-2023-49103 has been saved to firebase
11/22/2023, 12:16:00 AM: CVE-2023-48304 has been saved to firebase
11/22/2023, 12:16:00 AM: CVE-2021-37942 has been saved to firebase
11/22/2023, 12:16:00 AM: CVE-2023-48303 has been saved to firebase
11/22/2023, 12:16:00 AM: CVE-2023-48299 has been saved to firebase
11/22/2023, 12:16:00 AM: CVE-2023-48239 has been saved to firebase
11/22/2023, 12:16:00 AM: CVE-2023-48230 has been saved to firebase
11/22/2023, 12:16:00 AM: CVE-2023-48228 has been saved to firebase
11/22/2023, 12:16:00 AM: CVE-2023-48226 has been saved to firebase
11/22/2023, 12:16:00 AM: CVE-2023-47643 has been saved to firebase
11/22/2023, 12:16:00 AM: CVE-2023-20274 has been saved to firebase
11/22/2023, 12:16:00 AM: CVE-2023-6238 has been saved to firebase
11/22/2023, 12:16:00 AM: CVE-2023-20265 has been saved to firebase
11/22/2023, 12:16:00 AM: CVE-2023-20208 has been saved to firebase
11/22/2023, 12:16:00 AM: CVE-2021-38405 has been saved to firebase
11/22/2023, 12:16:00 AM: CVE-2023-5055 has been saved to firebase
11/22/2023, 12:16:00 AM: CVE-2023-22521 has been saved to firebase
11/22/2023, 12:16:00 AM: CVE-2023-20272 has been saved to firebase
11/22/2023, 12:16:00 AM: CVE-2021-27504 has been saved to firebase
11/22/2023, 12:16:00 AM: CVE-2023-48302 has been saved to firebase
11/22/2023, 12:16:00 AM: CVE-2023-22516 has been saved to firebase
11/22/2023, 12:16:00 AM: CVE-2023-48301 has been saved to firebase
11/22/2023, 12:16:00 AM: CVE-2021-27502 has been saved to firebase
11/22/2023, 12:16:00 AM: CVE-2023-6209 has been saved to firebase
11/22/2023, 12:16:00 AM: CVE-2023-6208 has been saved to firebase
11/22/2023, 12:16:00 AM: CVE-2023-6210 has been saved to firebase
11/22/2023, 12:16:00 AM: CVE-2023-6207 has been saved to firebase
11/22/2023, 12:16:00 AM: CVE-2023-6206 has been saved to firebase
11/22/2023, 12:16:00 AM: CVE-2023-6205 has been saved to firebase
11/22/2023, 12:16:00 AM: CVE-2023-6204 has been saved to firebase
11/22/2023, 12:16:00 AM: CVE-2023-49061 has been saved to firebase
11/22/2023, 12:16:00 AM: CVE-2023-49060 has been saved to firebase
11/22/2023, 12:16:00 AM: CVE-2023-48124 has been saved to firebase
11/22/2023, 12:16:00 AM: CVE-2023-6235 has been saved to firebase
11/22/2023, 12:16:00 AM: CVE-2023-28802 has been saved to firebase
11/22/2023, 12:16:00 AM: CVE-2023-6211 has been saved to firebase
11/22/2023, 12:16:00 AM: CVE-2023-6213 has been saved to firebase
11/22/2023, 12:16:00 AM: CVE-2023-6212 has been saved to firebase
11/22/2023, 12:16:00 AM: CVE-2023-5599 has been saved to firebase
11/22/2023, 12:16:00 AM: CVE-2023-5598 has been saved to firebase
11/22/2023, 12:16:00 AM: CVE-2023-5776 has been saved to firebase
11/22/2023, 12:16:00 AM: CVE-2023-5553 has been saved to firebase
11/22/2023, 12:16:27 AM: cve server is up on port: 5334
11/22/2023, 12:17:00 AM: Ran at: 11/22/2023, 12:17:00 AM
11/22/2023, 12:17:00 AM: im still alive from server 1
11/22/2023, 12:17:00 AM: server1 finished on 11/22/2023, 12:17:00 AM
11/22/2023, 12:17:01 AM: CVE-2021-27502 has been saved to firebase
11/22/2023, 12:17:01 AM: CVE-2023-6213 has been saved to firebase
11/22/2023, 12:17:01 AM: CVE-2023-6212 has been saved to firebase
11/22/2023, 12:17:01 AM: CVE-2023-6211 has been saved to firebase
11/22/2023, 12:17:01 AM: CVE-2023-6210 has been saved to firebase
11/22/2023, 12:17:01 AM: CVE-2023-6209 has been saved to firebase
11/22/2023, 12:17:01 AM: CVE-2023-6208 has been saved to firebase
11/22/2023, 12:17:01 AM: CVE-2023-6207 has been saved to firebase
11/22/2023, 12:17:01 AM: CVE-2023-6206 has been saved to firebase
11/22/2023, 12:17:01 AM: CVE-2023-6205 has been saved to firebase
11/22/2023, 12:17:01 AM: CVE-2023-6204 has been saved to firebase
11/22/2023, 12:17:01 AM: CVE-2023-49061 has been saved to firebase
11/22/2023, 12:17:01 AM: CVE-2023-49060 has been saved to firebase
11/22/2023, 12:17:01 AM: CVE-2023-48124 has been saved to firebase
11/22/2023, 12:17:01 AM: CVE-2023-6235 has been saved to firebase
11/22/2023, 12:17:01 AM: CVE-2023-28802 has been saved to firebase
11/22/2023, 12:17:01 AM: CVE-2023-5599 has been saved to firebase
11/22/2023, 12:17:01 AM: CVE-2023-5598 has been saved to firebase
11/22/2023, 12:17:01 AM: CVE-2023-5776 has been saved to firebase
11/22/2023, 12:17:01 AM: CVE-2023-5553 has been saved to firebase
11/22/2023, 12:17:01 AM: CVE-2023-48304 has been saved to firebase
11/22/2023, 12:17:01 AM: CVE-2023-48303 has been saved to firebase
11/22/2023, 12:17:01 AM: CVE-2023-48302 has been saved to firebase
11/22/2023, 12:17:01 AM: CVE-2023-48301 has been saved to firebase
11/22/2023, 12:17:01 AM: CVE-2023-6238 has been saved to firebase
11/22/2023, 12:17:01 AM: CVE-2023-48299 has been saved to firebase
11/22/2023, 12:17:01 AM: CVE-2023-48239 has been saved to firebase
11/22/2023, 12:17:01 AM: CVE-2023-48230 has been saved to firebase
11/22/2023, 12:17:01 AM: CVE-2023-48228 has been saved to firebase
11/22/2023, 12:17:01 AM: CVE-2023-48226 has been saved to firebase
11/22/2023, 12:17:01 AM: CVE-2023-47643 has been saved to firebase
11/22/2023, 12:17:01 AM: CVE-2023-20274 has been saved to firebase
11/22/2023, 12:17:01 AM: CVE-2023-20272 has been saved to firebase
11/22/2023, 12:17:01 AM: CVE-2023-20265 has been saved to firebase
11/22/2023, 12:17:01 AM: CVE-2023-20208 has been saved to firebase
11/22/2023, 12:17:01 AM: CVE-2021-38405 has been saved to firebase
11/22/2023, 12:17:01 AM: CVE-2023-5055 has been saved to firebase
11/22/2023, 12:17:01 AM: CVE-2023-22521 has been saved to firebase
11/22/2023, 12:17:01 AM: CVE-2023-22516 has been saved to firebase
11/22/2023, 12:17:01 AM: CVE-2021-27504 has been saved to firebase
11/22/2023, 12:17:01 AM: CVE-2023-46814 has been saved to firebase
11/22/2023, 12:17:01 AM: CVE-2021-37942 has been saved to firebase
11/22/2023, 12:17:01 AM: CVE-2022-35638 has been saved to firebase
11/22/2023, 12:17:01 AM: CVE-2021-37937 has been saved to firebase
11/22/2023, 12:17:01 AM: CVE-2021-22143 has been saved to firebase
11/22/2023, 12:17:01 AM: CVE-2023-5299 has been saved to firebase
11/22/2023, 12:17:01 AM: CVE-2023-40152 has been saved to firebase
11/22/2023, 12:17:01 AM: CVE-2023-35127 has been saved to firebase
11/22/2023, 12:17:01 AM: CVE-2021-22151 has been saved to firebase
11/22/2023, 12:17:01 AM: CVE-2021-22150 has been saved to firebase
11/22/2023, 12:17:01 AM: CVE-2021-22142 has been saved to firebase
11/22/2023, 12:17:01 AM: CVE-2023-48701 has been saved to firebase
11/22/2023, 12:17:01 AM: CVE-2023-48700 has been saved to firebase
11/22/2023, 12:17:01 AM: CVE-2023-48699 has been saved to firebase
11/22/2023, 12:17:01 AM: CVE-2023-48307 has been saved to firebase
11/22/2023, 12:17:01 AM: CVE-2023-48306 has been saved to firebase
11/22/2023, 12:17:01 AM: CVE-2023-48305 has been saved to firebase
11/22/2023, 12:17:01 AM: CVE-2023-6248 has been saved to firebase
11/22/2023, 12:17:01 AM: CVE-2023-49105 has been saved to firebase
11/22/2023, 12:17:01 AM: CVE-2023-49104 has been saved to firebase
11/22/2023, 12:17:32 AM: cve server is up on port: 5334
11/22/2023, 12:18:00 AM: im still alive from server 1
11/22/2023, 12:18:00 AM: Ran at: 11/22/2023, 12:18:00 AM
11/22/2023, 12:18:00 AM: server1 finished on 11/22/2023, 12:18:00 AM
11/22/2023, 12:18:00 AM: CVE-2023-46814 has been saved to firebase
11/22/2023, 12:18:00 AM: CVE-2022-35638 has been saved to firebase
11/22/2023, 12:18:00 AM: CVE-2021-37942 has been saved to firebase
11/22/2023, 12:18:00 AM: CVE-2021-37937 has been saved to firebase
11/22/2023, 12:18:00 AM: CVE-2021-22143 has been saved to firebase
11/22/2023, 12:18:00 AM: CVE-2023-5299 has been saved to firebase
11/22/2023, 12:18:00 AM: CVE-2023-35127 has been saved to firebase
11/22/2023, 12:18:00 AM: CVE-2023-40152 has been saved to firebase
11/22/2023, 12:18:00 AM: CVE-2021-22151 has been saved to firebase
11/22/2023, 12:18:00 AM: CVE-2021-22150 has been saved to firebase
11/22/2023, 12:18:00 AM: CVE-2021-22142 has been saved to firebase
11/22/2023, 12:18:00 AM: CVE-2023-48701 has been saved to firebase
11/22/2023, 12:18:00 AM: CVE-2023-48700 has been saved to firebase
11/22/2023, 12:18:00 AM: CVE-2023-48699 has been saved to firebase
11/22/2023, 12:18:00 AM: CVE-2023-48307 has been saved to firebase
11/22/2023, 12:18:00 AM: CVE-2023-48306 has been saved to firebase
11/22/2023, 12:18:00 AM: CVE-2023-48305 has been saved to firebase
11/22/2023, 12:18:00 AM: CVE-2023-6248 has been saved to firebase
11/22/2023, 12:18:00 AM: CVE-2023-49105 has been saved to firebase
11/22/2023, 12:18:00 AM: CVE-2023-49104 has been saved to firebase
11/22/2023, 12:18:01 AM: CVE-2021-27504 has been saved to firebase
11/22/2023, 12:18:01 AM: CVE-2021-27502 has been saved to firebase
11/22/2023, 12:18:01 AM: CVE-2023-6213 has been saved to firebase
11/22/2023, 12:18:01 AM: CVE-2023-6212 has been saved to firebase
11/22/2023, 12:18:01 AM: CVE-2023-6211 has been saved to firebase
11/22/2023, 12:18:01 AM: CVE-2023-6210 has been saved to firebase
11/22/2023, 12:18:01 AM: CVE-2023-6209 has been saved to firebase
11/22/2023, 12:18:01 AM: CVE-2023-6208 has been saved to firebase
11/22/2023, 12:18:01 AM: CVE-2023-6207 has been saved to firebase
11/22/2023, 12:18:01 AM: CVE-2023-6206 has been saved to firebase
11/22/2023, 12:18:01 AM: CVE-2023-6205 has been saved to firebase
11/22/2023, 12:18:01 AM: CVE-2023-6204 has been saved to firebase
11/22/2023, 12:18:01 AM: CVE-2023-49061 has been saved to firebase
11/22/2023, 12:18:01 AM: CVE-2023-49060 has been saved to firebase
11/22/2023, 12:18:01 AM: CVE-2023-48124 has been saved to firebase
11/22/2023, 12:18:01 AM: CVE-2023-6235 has been saved to firebase
11/22/2023, 12:18:01 AM: CVE-2023-28802 has been saved to firebase
11/22/2023, 12:18:01 AM: CVE-2023-5599 has been saved to firebase
11/22/2023, 12:18:01 AM: CVE-2023-5598 has been saved to firebase
11/22/2023, 12:18:01 AM: CVE-2023-5776 has been saved to firebase
11/22/2023, 12:18:01 AM: CVE-2023-49103 has been saved to firebase
11/22/2023, 12:18:01 AM: CVE-2023-48304 has been saved to firebase
11/22/2023, 12:18:01 AM: CVE-2023-48303 has been saved to firebase
11/22/2023, 12:18:01 AM: CVE-2023-48302 has been saved to firebase
11/22/2023, 12:18:01 AM: CVE-2023-48301 has been saved to firebase
11/22/2023, 12:18:01 AM: CVE-2023-6238 has been saved to firebase
11/22/2023, 12:18:01 AM: CVE-2023-48299 has been saved to firebase
11/22/2023, 12:18:01 AM: CVE-2023-48239 has been saved to firebase
11/22/2023, 12:18:01 AM: CVE-2023-48230 has been saved to firebase
11/22/2023, 12:18:01 AM: CVE-2023-48228 has been saved to firebase
11/22/2023, 12:18:01 AM: CVE-2023-48226 has been saved to firebase
11/22/2023, 12:18:01 AM: CVE-2023-47643 has been saved to firebase
11/22/2023, 12:18:01 AM: CVE-2023-20272 has been saved to firebase
11/22/2023, 12:18:01 AM: CVE-2023-20274 has been saved to firebase
11/22/2023, 12:18:01 AM: CVE-2023-20265 has been saved to firebase
11/22/2023, 12:18:01 AM: CVE-2023-20208 has been saved to firebase
11/22/2023, 12:18:01 AM: CVE-2021-38405 has been saved to firebase
11/22/2023, 12:18:01 AM: CVE-2023-5055 has been saved to firebase
11/22/2023, 12:18:01 AM: CVE-2023-22521 has been saved to firebase
11/22/2023, 12:18:01 AM: CVE-2023-22516 has been saved to firebase
11/22/2023, 12:19:00 AM: Ran at: 11/22/2023, 12:19:00 AM
11/22/2023, 12:19:00 AM: im still alive from server 1
11/22/2023, 12:19:00 AM: server1 finished on 11/22/2023, 12:19:00 AM
11/22/2023, 12:19:00 AM: CVE-2023-49103 has been saved to firebase
11/22/2023, 12:19:00 AM: CVE-2023-48304 has been saved to firebase
11/22/2023, 12:19:00 AM: CVE-2023-48303 has been saved to firebase
11/22/2023, 12:19:00 AM: CVE-2023-48302 has been saved to firebase
11/22/2023, 12:19:00 AM: CVE-2023-48301 has been saved to firebase
11/22/2023, 12:19:00 AM: CVE-2023-6238 has been saved to firebase
11/22/2023, 12:19:00 AM: CVE-2023-48299 has been saved to firebase
11/22/2023, 12:19:00 AM: CVE-2023-48239 has been saved to firebase
11/22/2023, 12:19:00 AM: CVE-2023-48230 has been saved to firebase
11/22/2023, 12:19:00 AM: CVE-2023-48228 has been saved to firebase
11/22/2023, 12:19:00 AM: CVE-2023-48226 has been saved to firebase
11/22/2023, 12:19:00 AM: CVE-2023-47643 has been saved to firebase
11/22/2023, 12:19:00 AM: CVE-2023-20274 has been saved to firebase
11/22/2023, 12:19:00 AM: CVE-2023-20272 has been saved to firebase
11/22/2023, 12:19:00 AM: CVE-2023-20265 has been saved to firebase
11/22/2023, 12:19:00 AM: CVE-2023-20208 has been saved to firebase
11/22/2023, 12:19:00 AM: CVE-2021-38405 has been saved to firebase
11/22/2023, 12:19:00 AM: CVE-2023-5055 has been saved to firebase
11/22/2023, 12:19:00 AM: CVE-2023-22521 has been saved to firebase
11/22/2023, 12:19:00 AM: CVE-2023-22516 has been saved to firebase
11/22/2023, 12:19:00 AM: CVE-2023-46814 has been saved to firebase
11/22/2023, 12:19:00 AM: CVE-2022-35638 has been saved to firebase
11/22/2023, 12:19:00 AM: CVE-2021-37942 has been saved to firebase
11/22/2023, 12:19:00 AM: CVE-2021-22143 has been saved to firebase
11/22/2023, 12:19:00 AM: CVE-2021-37937 has been saved to firebase
11/22/2023, 12:19:00 AM: CVE-2023-5299 has been saved to firebase
11/22/2023, 12:19:00 AM: CVE-2023-40152 has been saved to firebase
11/22/2023, 12:19:00 AM: CVE-2023-35127 has been saved to firebase
11/22/2023, 12:19:00 AM: CVE-2021-22151 has been saved to firebase
11/22/2023, 12:19:00 AM: CVE-2021-22150 has been saved to firebase
11/22/2023, 12:19:00 AM: CVE-2021-22142 has been saved to firebase
11/22/2023, 12:19:00 AM: CVE-2023-48701 has been saved to firebase
11/22/2023, 12:19:00 AM: CVE-2023-48700 has been saved to firebase
11/22/2023, 12:19:00 AM: CVE-2023-48699 has been saved to firebase
11/22/2023, 12:19:00 AM: CVE-2023-48307 has been saved to firebase
11/22/2023, 12:19:00 AM: CVE-2023-48306 has been saved to firebase
11/22/2023, 12:19:00 AM: CVE-2023-48305 has been saved to firebase
11/22/2023, 12:19:00 AM: CVE-2023-6248 has been saved to firebase
11/22/2023, 12:19:00 AM: CVE-2023-49105 has been saved to firebase
11/22/2023, 12:19:00 AM: CVE-2023-49104 has been saved to firebase
11/22/2023, 12:19:00 AM: CVE-2021-27502 has been saved to firebase
11/22/2023, 12:19:00 AM: CVE-2021-27504 has been saved to firebase
11/22/2023, 12:19:00 AM: CVE-2023-6213 has been saved to firebase
11/22/2023, 12:19:00 AM: CVE-2023-6212 has been saved to firebase
11/22/2023, 12:19:00 AM: CVE-2023-6211 has been saved to firebase
11/22/2023, 12:19:00 AM: CVE-2023-6210 has been saved to firebase
11/22/2023, 12:19:00 AM: CVE-2023-6209 has been saved to firebase
11/22/2023, 12:19:00 AM: CVE-2023-6208 has been saved to firebase
11/22/2023, 12:19:00 AM: CVE-2023-6207 has been saved to firebase
11/22/2023, 12:19:00 AM: CVE-2023-6206 has been saved to firebase
11/22/2023, 12:19:00 AM: CVE-2023-6205 has been saved to firebase
11/22/2023, 12:19:00 AM: CVE-2023-6204 has been saved to firebase
11/22/2023, 12:19:00 AM: CVE-2023-49061 has been saved to firebase
11/22/2023, 12:19:00 AM: CVE-2023-49060 has been saved to firebase
11/22/2023, 12:19:00 AM: CVE-2023-48124 has been saved to firebase
11/22/2023, 12:19:00 AM: CVE-2023-6235 has been saved to firebase
11/22/2023, 12:19:00 AM: CVE-2023-28802 has been saved to firebase
11/22/2023, 12:19:00 AM: CVE-2023-5599 has been saved to firebase
11/22/2023, 12:19:00 AM: CVE-2023-5598 has been saved to firebase
11/22/2023, 12:19:00 AM: CVE-2023-5776 has been saved to firebase
